<?xml version="1.0" encoding="UTF-8"?>
<!-- Generated by org.testng.reporters.JUnitXMLReporter -->
<testsuite ignored="2" hostname="sagars-PC" failures="0" tests="3" name="MyTestExclude" time="0.115" errors="0" timestamp="2022-06-14T21:29:03 IST">
  <testcase classname="XMLStudy.MyTest" name="Method3" time="0.016"/>
  <testcase classname="XMLStudy.MyTest" name="Method4" time="0.002"/>
  <testcase classname="XMLStudy.MyTest" name="Method5" time="0.003"/>
  <testcase classname="XMLStudy.MyTest" name="Method1" time="0.0">
    <ignored/>
  </testcase> <!-- Method1 -->
  <testcase classname="XMLStudy.MyTest" name="Method2" time="0.0">
    <ignored/>
  </testcase> <!-- Method2 -->
</testsuite> <!-- MyTestExclude -->
