<?xml version="1.0" encoding="UTF-8"?>
<!-- Generated by org.testng.reporters.JUnitXMLReporter -->
<testsuite ignored="0" hostname="sagars-PC" failures="0" tests="4" name="Test" time="0.116" errors="0" timestamp="2022-06-22T15:09:04 IST">
  <testcase classname="testListener.MyClass1" name="method1" time="0.018"/>
  <testcase classname="testListener.MyClass1" name="method2" time="0.002"/>
  <testcase classname="testListener.MyClass2" name="method3" time="0.003"/>
  <testcase classname="testListener.MyClass2" name="method4" time="0.002"/>
</testsuite> <!-- Test -->
