<?xml version="1.0" encoding="UTF-8"?>
<!-- Generated by org.testng.reporters.JUnitXMLReporter -->
<testsuite ignored="4" hostname="sagars-PC" failures="1" tests="1" name="Test" time="0.097" errors="0" timestamp="2022-06-15T16:05:05 IST">
  <testcase classname="XMLStudy.MyTest3" name="Method1" time="0.019">
    <failure type="java.lang.AssertionError" message="null">
      <![CDATA[java.lang.AssertionError: null
at XMLStudy.MyTest3.Method1(MyTest3.java:14)
at java.base/java.util.ArrayList.forEach(ArrayList.java:1511)
... Removed 29 stack frames]]>
    </failure>
  </testcase> <!-- Method1 -->
  <testcase classname="XMLStudy.MyTest3" name="Method5" time="0.0">
    <ignored/>
  </testcase> <!-- Method5 -->
  <testcase classname="XMLStudy.MyTest3" name="Method3" time="0.0">
    <ignored/>
  </testcase> <!-- Method3 -->
  <testcase classname="XMLStudy.MyTest3" name="Method4" time="0.0">
    <ignored/>
  </testcase> <!-- Method4 -->
  <testcase classname="XMLStudy.MyTest3" name="Method2" time="0.0">
    <ignored/>
  </testcase> <!-- Method2 -->
</testsuite> <!-- Test -->
